[    0.000000] Linux version 4.15.0-45-generic (buildd@lgw01-amd64-031) (gcc version 7.3.0 (Ubuntu 7.3.0-16ubuntu3)) #48-Ubuntu SMP Tue Jan 29 16:28:13 UTC 2019 (Ubuntu 4.15.0-45.48-generic 4.15.18)
[    0.000000] Command line: BOOT_IMAGE=/boot/vmlinuz-4.15.0-45-generic root=LABEL=cloudimg-rootfs ro console=tty1 console=ttyS0
[    0.000000] KERNEL supported cpus:
[    0.000000]   Intel GenuineIntel
[    0.000000]   AMD AuthenticAMD
[    0.000000]   Centaur CentaurHauls
[    0.000000] x86/fpu: Supporting XSAVE feature 0x001: 'x87 floating point registers'
[    0.000000] x86/fpu: Supporting XSAVE feature 0x002: 'SSE registers'
[    0.000000] x86/fpu: Supporting XSAVE feature 0x004: 'AVX registers'
[    0.000000] x86/fpu: xstate_offset[2]:  576, xstate_sizes[2]:  256
[    0.000000] x86/fpu: Enabled xstate features 0x7, context size is 832 bytes, using 'stanar' format.
[    0.000000] e820: BIOS-provided physical RAM map:
[    0.000000] BIOS-e820: [mem 0x0000000000000000-0x0000000009fbff]usle
[    0.000000] BIOS-e820: [mem 0x0000000000fc00-0x000000000009ffff] reserved
[    0.000000] BIOS-e820: [mem 0x00000000000f0000-0x00000000000fffff] reserved
[    0.000000] BIOS-e820: [mem 0x0000000000100000-0x000000003ffeffff] usable
[    0.000000] BIOS-e820: [mem 0x000000003fff0000-0x000000003fffffff ACPI data
[    0.000000] BIOS-e820: [mem 0x00000000fec00000-0x00000000fec00fff] reserved
[    0.000000]IO-e820: [mem 0x00000000fee00000-0x00000000fee00fff] reserved
[    0.000000] BIOS-e820: [mem 0x00000000fffc0000-0x00000000ffffffff] reserved
[    0.000000] NX (Execute Disable) protection: active
[    0.000000] SMBIOS 2.5 present.
[   0.00000] D: nnotek GmbH VirtualBox/VirtualBox, BIOS VirtualBox 12/01/2006
[    0.000000] Hypervisor detected: KVM
[    0.000000] e820: last_pfn = 0x3fff0 max_arch_pfn = 0x400000000
[    0.000000] MTRR: Disabled
[    0.000000] x86/PAT: MTRRs disabled, skipping PAT initialization too.
[    0.000000] CPU MTRRs all blank - virtualized system.
[    0.000000] x86/PAT: Configuration [0-7]: WB  WT  UC- UC  WB  WT  UC- UC  
[    0.00000 fou SMP MP-tab a [memx0009fff0-0x0009ffff] mapped at [        (ptrval)]
[    0.000000] Scanning 1 areas for low memory corruption
[    0.000000] RAMDISK: [mem 0x35adf000-0x36d66fff]
[    0.000000] ACPI: Earlyable checksumverification disabled
[    0.000000] ACPI: RSDP 0x000000000000000 000024 (v02 VBOX  )
[    0.000000] ACPI: XSDT 0x000000003FFF030 00003C 01VBOX  VBXXSDT 00000001 ASL  00000061)
[    0.000000] ACPI: FACP 0x000000003FFF00F0 0000F4 (v04 VBOX   VBOXFACP 00000001 ASL  00000061)
[    0.000000] ACPI: DSDT 0x000000003FFF0470 0021FF (v02 VBOX   VBOXBIOS 00000002 INTL 20100528)
[    0.000000] ACPI: FACS 0x000000003FFF0200 000040
[    0.000000] ACPI: FACS 0x000000003FFF0200 000040
[    0.000000] ACPI: APIC 0x000000003FFF0240 00005C (v02 VBOX   VBOXAPIC 00000001 ASL  00000061)
[    0.000000] ACPI: SSDT 0x000000003FFF02A0 0001CC (v01 VBOX   VBOXCPUT 00000002 INTL 20100528)
[    0.000000] No NUMA configuration found
[    0.000000]Faking a node at [mem 0x0000000000000000-0x000000003ffeffff]
[    0.000000] NODE_DATA(0) allocated [mem 0x3ffc5000-0x3ffeffff]
[  0.00000 km-clock: cpu 0, r 0:3f401, primary cpu clock
[    0.000000] kvm-clock: Using msrs 4b564d01 and 4b564d00
[    0.0000] kvm-clock: using sched offset of 4189746788 cycles
[    0.000000] clocksource: kvm-clock: mask: 0xffffffffffffffff max_cycles: 0x1cd42e4dffb, max_idle_ns: 881590591483 ns
[    0.000000] Zone ranges:
[    0.000000]   DMA      [mem0x0000000001000-0x0000000000ffffff]
[    0.000000]   DMA32    [mem 0x0000000001000000-0x000000003ffeffff]
[    0.000000]   Normal   empty
[    0.000000]   Device   empty
[    0.000000] Movable zone start for each node
[    0.000000] Early memory node ranges
[    0.000000]   node   0: [mem 0x0000000000001000-0x000000000009efff]
[    0.000000]   node   0: [mem 0x0000000000100000-0x000000003ffeffff]
[    0.000000] Reserved but available: 1 pages[    0.000000Initmem supnode 0 [mem 0x0000000000001000-0x000000003ffeffff]
[    0.000000] ACPI: PM-Timer IO Port: 0x4008
[    0.000000] IOAPIC[0]: apic_id 2, version 32, address 0xfec00000, GSI 0-23
[    0.000000] ACPI: INT_SRC_OVR (bus 0 bus_irq0 global_irq dfl dfl)
[  0.0000]ACPI: INT_SRC_OVR (bus 0 bus_irq 9 global_irq 9 low level)
[    0.000000] Using ACPI (MADT) for SMP configuration information
[  0.000000] smpbootAllowing 2 CPUs, 0 hotplug CPUs
[    0.000000] PM: Registered nosave memory: [mem 0x00000000-0x00000fff]
[    0.000000] PM: Registered nosave memory: [mem 0x0009f000-0x0009ffff]
[    0.000000] PM: Registered nosave memory: [mem 0x000a0000-0x000effff]
[    0.000000] PM: Regisred nove memory: [mem 0x000f0000-0x000fffff]
[    0.000000] e820: [mem 0x40000000-0xfebfffff] available for PCI devices
[    0.000000] Booting paravirtualized kernel on KVM
[    0.000000] clocksource: refined-jiffies: mask: 0xffffffff max_cycles: 0xffffffff, max_idle_ns: 7645519600211568 ns
[    0.000000] random: get_rand_bytecaled fromtat_kernel+0x99/0x4fd with crng_init=0
[    0.000000] setup_percpu: NR_CPUS:8192 nr_cpumask_bits:2 nr_cpu_ids:2 nr_node_ids:1
[    0.000000] percpu: Embedded 46 pages/cpu @        (ptrval) s151552 r8192 d28672 u1048576
[    0.000000] PV qspinlock hash table entries: 25(order: 0, 09 bytes)
[    0.000000] Built 1 zonelists, mobility grouping on.  Total pages: 257913
[    .000000] Policy zone: DMA32
[    0.000000] Kernel command line: BOOT_IMAGE=/boot/vmlinuz-4.15.0-45-generic root=LABEL=cloudimg-rootfs ro console=tty1 console=ttyS0
[    0.000000] Memory: 983608K/1048120K available (12300K kernel code, 2473K rwdata, 4252K rodata, 2408K init, 2416K bss, 64512K reserved, 0K cma-reserved)
[    0.000000] SLUB: HWalign=64, Order=0-3, Mibjects=0, CPUs=2, Nodes=1
[    0.000000] Kernel/User page tables isolation: enabled
[    00000]trce: allocating 39194 entries in 154 pages
[    0.004000] Hierarchical RCU implementation.
[    0.004000] 	RCU restricting CPUs from NR_CPUS=8192 to nr_cpu_ids=2.
[    0.004000] 	Tasks RCU enabled.
[    0.004000] RCU: Adjusting geometry for rcu_fanout_leaf=16, nr_cpu_ids=2
[    0.004000] NR_IRQS: 524544, nr_irqs: 440, preallocated irqs: 16
[    0.004000] Console: colour VGA+ 80x25
[    0.004000] console [tty1] enabled
[    0.004000] console [ttyS0] enabled
[    0.004000] ACPI: Core revision 20170831
[  0.004000] ACI:2 ACPI AML tables successfully acquired and loaded
[    0.004000] APIC: Switch to symmetric I/O mode setup
[    0.004000] x2apic enabled
[    0.004000] Switched APIC routing to physical x2apic.
[    0.00492 ..TIMER: vector=0x30 apic1=0 pin1=2 apic2=-1 pin2=-1
[    0.008003] tsc: Detected 2303.998 MHz processor
[    0.012011] Calibrating delay loop (skipped) preset value.. 4607.99 BogoMIPS (lpj=9215992)
[    0.016004] pid_max: default: 32768 minimum: 301
[    0.020034] Security Framework initialized
[    0.024002] Yama: becoming mindful.
[    0.028025] AppArmor: AppArmor initialized
[    0.030921] Dentry cache hash table entries: 131072 (order: 8, 1048576 bytes)
[    0.032088] Inode-cache hash table entries: 65536 (order: 7, 524288 bytes)
[    0.036021] Mount-cache hash table entries: 2048 (order: 2, 16384 bytes)
[    0.040008] Mountpoint-cache hash table entries: 2048 (order: 2, 16384 bytes)
[    0.042346] mce: CPU supports 0 MCE banks
[    0.044014] Last level iTLB entries: 4KB 64, 2MB 8, 4MB 8
[    0.045284] Last level dTLB entries: 4KB 64, 2MB 0, 4MB 0, 1GB 4
[    0.046691] Spectre V2 : Mitigation: Full generic retpoline
[    0.048001] Spectre V2 : Spectre v2 / SpectreRSB mitigation: Filling RSB on context switch
[    0.049954] Speculative Store Bypass: Vulnerable
[    0.051125] Freeing SMP alternatives memory: 36K
[    0.056000] APIC calibration not consistent with PM-Timer: 98ms instead of 100ms
[    0.056000] APIC delta adjusted to PM-Timer: 6249951 (6174942)
[    0.056072] smpboot: CPU0: Intel(R) Core(TM) i5-7360U CPU @ 2.30GHz (family: 0x6, model: 0x8e, stepping: 0x9)
[    0.060073] Performance Events: unsupported p6 CPU model 142 no PMU driver, software events only.
[    0.064031] Hierarchical SRCU implementation.
[    0.068537] NMI watchdog: Perf event create on CPU 0 failed with -2
[    0.070494] NMI watchdog: Perf NMI watchdog permanently disabled
[    0.072045] smp: Bringing up secondary CPUs ...
[    0.073507] x86: Booting SMP configuration:
[    0.074594] .... node  #0, CPUs:      #1
[    0.004000] kvm-clock: cpu 1, msr 0:3ff44041, secondary cpu clock
[    0.004000] mce: CPU supports 0 MCE banks
[    0.082052] smp: Brought up 1 node, 2 CPUs
[    0.084005] smpboot: Max logical packages: 1
[    0.085350] smpboot: Total of 2 processors activated (9215.99 BogoMIPS)
[    0.088119] devtmpfs: initialized
[    0.092053] x86/mm: Memory block size: 128MB
[    0.096118] evm: security.selinux
[    0.100004] evm: security.SMACK64
[    0.101046] evm: security.SMACK64EXEC
[    0.104002] evm: security.SMACK64TRANSMUTE
[    0.105266] evm: security.SMACK64MMAP
[    0.108002] evm: security.apparmor
[    0.112002] evm: security.ima
[    0.112946] evm: security.capability
[    0.116078] clocksource: jiffies: mask: 0xffffffff max_cycles: 0xffffffff, max_idle_ns: 7645041785100000 ns
[    0.120014] futex hash table entries: 512 (order: 3, 32768 bytes)
[    0.124062] pinctrl core: initialized pinctrl subsystem
[    0.132023] RTC time:  9:42:28, date: 02/17/19
[    0.136172] NET: Registered protocol family 16
[    0.140064] audit: initializing netlink subsys (disabled)
[    0.148006] audit: type=2000 audit(1550396550.951:1): state=initialized audit_enabled=0 res=1
[    0.248011] cpuidle: using governor ladder
[    0.249022] cpuidle: using governor menu
[    0.252063] ACPI: bus type PCI registered
[    0.253067] acpiphp: ACPI Hot Plug PCI Controller Driver version: 0.5
[    0.256190] PCI: Using configuration type 1 for base access
[    0.260815] HugeTLB registered 2.00 MiB page size, pre-allocated 0 pages
[    0.264073] ACPI: Added _OSI(Module Device)
[    0.268015] ACPI: Added _OSI(Processor Device)
[    0.272033] ACPI: Added _OSI(3.0 _SCP Extensions)
[    0.276007] ACPI: Added _OSI(Processor Aggregator Device)
[    0.278885] ACPI: Added _OSI(Linux-Dell-Video)
[    0.280004] ACPI: Added _OSI(Linux-Lenovo-NV-HDMI-Audio)
[    0.284004] ACPI: Added _OSI(Linux-HPI-Hybrid-Graphics)
[    0.288012] ACPI: Executed 1 blocks of module-level executable AML code
[    0.300174] ACPI: Interpreter enabled
[    0.301877] ACPI: (supports S0 S5)
[    0.303888] ACPI: Using IOAPIC for interrupt routing
[    0.304834] PCI: Using host bridge windows from ACPI; if necessary, use "pci=nocrs" and report a bug
[    0.308584] ACPI: Enabled 2 GPEs in block 00 to 07
[    0.324243] ACPI: PCI Root Bridge [PCI0] (domain 0000 [bus 00-ff])
[    0.328021] acpi PNP0A03:00: _OSC: OS supports [ASPM ClockPM Segments MSI]
[    0.332047] acpi PNP0A03:00: _OSC: not requesting OS control; OS requires [ExtendedConfig ASPM ClockPM MSI]
[    0.336020] acpi PNP0A03:00: fail to add MMCONFIG information, can't access extended PCI configuration space under this bridge.
[    0.340504] PCI host bridge to bus 0000:00
[    0.344005] pci_bus 0000:00: root bus resource [io  0x0000-0x0cf7 window]
[    0.348005] pci_bus 0000:00: root bus resource [io  0x0d00-0xffff window]
[    0.352004] pci_bus 0000:00: root bus resource [mem 0x000a0000-0x000bffff window]
[    0.356005] pci_bus 0000:00: root bus resource [mem 0x40000000-0xfdffffff window]
[    0.360004] pci_bus 0000:00: root bus resource [bus 00-ff]
[    0.367306] pci 0000:00:01.1: legacy IDE quirk: reg 0x10: [io  0x01f0-0x01f7]
[    0.368004] pci 0000:00:01.1: legacy IDE quirk: reg 0x14: [io  0x03f6]
[    0.372005] pci 0000:00:01.1: legacy IDE quirk: reg 0x18: [io  0x0170-0x0177]
[    0.376004] pci 0000:00:01.1: legacy IDE quirk: reg 0x1c: [io  0x0376]
[    0.399693] pci 0000:00:07.0: quirk: [io  0x4000-0x403f] claimed by PIIX4 ACPI
[    0.400025] pci 0000:00:07.0: quirk: [io  0x4100-0x410f] claimed by PIIX4 SMB
[    0.415094] ACPI: PCI Interrupt Link [LNKA] (IRQs 5 9 10 *11)
[    0.420116] ACPI: PCI Interrupt Link [LNKB] (IRQs 5 9 *10 11)
[    0.424149] ACPI: PCI Interrupt Link [LNKC] (IRQs 5 *9 10 11)
[    0.428154] ACPI: PCI Interrupt Link [LNKD] (IRQs 5 9 10 *11)
[    0.432421] SCSI subsystem initialized
[    0.433652] pci 0000:00:02.0: vgaarb: setting as boot VGA device
[    0.436000] pci 0000:00:02.0: vgaarb: VGA device added: decodes=io+mem,owns=io+mem,locks=none
[    0.436015] pci 0000:00:02.0: vgaarb: bridge control possible
[    0.437743] vgaarb: loaded
[    0.440045] ACPI: bus type USB registered
[    0.441305] usbcore: registered new interface driver usbfs
[    0.444011] usbcore: registered new interface driver hub
[    0.448025] usbcore: registered new device driver usb
[    0.452069] EDAC MC: Ver: 3.0.0
[    0.456390] PCI: Using ACPI for IRQ routing
[    0.460418] NetLabel: Initializing
[    0.464002] NetLabel:  domain hash size = 128
[    0.468002] NetLabel:  protocols = UNLABELED CIPSOv4 CALIPSO
[    0.472022] NetLabel:  unlabeled traffic allowed by default
[    0.476076] clocksource: Switched to clocksource kvm-clock
[    0.5127]FS: Disk quotas dquot_6.6.0
[    0.605800] VFS: Dquot-cache hash table entries: 512 (order 0, 4096 bytes)
[    0.607996] AppArmor: AppArmor Filesystem Enabled
[    0.609538] pnp: PnP ACPI init
[    0.612968] pnp: PnP ACPI: found 3 devices

[    0.631188] clocksource: acpi_pm: mask: 0xffffff max_cycles: 0xffffff, max_idle_ns: 2085701024 ns
[    0.636320] NET: Registered protocol family 2
[    0.640829] TCP established hash table entries: 8192 (order: 4, 65536 bytes)
[    0.644337] TCP bind hash table entries: 8192 (order: 5, 131072 bytes)
[    0.647656] TCP: Hash tabes configured (established 8192 bind 8192)
[  0907]DPastae trs: 512 (order: 2, 16384 bytes)
[    1.0662] UDP-Litha tlentes51(oer2,63 bes
[    1.671833] NET: Registered protocol family 1
[    1.686947] pci 0000:00:00.0: Limiting direct PC/PCI transfers
[    1.711752] pci 0000:00:01.0: Activating ISA DMA hang workarounds
[    1.713534] pci 0000:00:02.0: Video device with shadowed ROM at [mem 0x000c0000-0x000dffff]
[    1.715970] Unpacking initramfs...

[    2.002700] Freeing initrd memory: 18976K
[    2.044175] platform rtc_cmos: registered platform RTC device (no PNP device found)
[    2.101960] Scanning for low memory corruption every 60 seconds
[    2.151347] Initialise system trusted keyrings
[    2.186472] Key type blacklist registered
[    2.187925] workingset: timestamp_bits=36 max_order=18 bucket_order=0
[    2.206433] zbud: loaded
[    2.228253] squashfs: version 4.0 (2009/01/31) Phillip Lougher
[    2.254680] fuse init (API version 7.26)
[    2.296642] Key type asymmetric registered
[    2.297654] Asymmetric key parser 'x509' registered
[    2.298884] Block layer SCSI generic (bsg) driver version 0.4 loaded (major 246)
[    2.300845] io scheduler noop registered
[    2.307761] io scheduler deadline registered
[    2.326898] io scheduler cfq registered (default)
[    2.334509] ACPI: AC Adapter [AC] (on-line)
[    2.346993] input: Power Button as /devices/LNXSYSTM:00/LNXPWRBN:00/input/input0
[    2.355215] ACPI: Power Button [PWRF]
[    2.362410] input: Sleep Button as /devices/LNXSYSTM:00/LNXSLPBN:00/input/input1
[    2.372745] ACPI: Sleep Button [SLPF]
[    2.374391] Serial: 8250/16550 driver, 32 ports, IRQ sharing enabled
[    2.376190] ACPI: Battery Slot [BAT0] (battery present)
[    2.414620] 00:02: ttyS0 at I/O 0x3f8 (irq = 4, base_baud = 115200) is a 16550A
[    2.426486] Linux agpgart interface v0.103
[    2.429291] loop: module loaded
[    2.430616] scsi host0: ata_piix
[    2.431559] scsi host1: ata_piix
[    2.432444] ata1: PATA max UDMA/33 cmd 0x1f0 ctl 0x3f6 bmdma 0xd000 irq 14
[    2.434033] ata2: PATA max UDMA/33 cmd 0x170 ctl 0x376 bmdma 0xd008 irq 15
[    2.435693] libphy: Fixed MDIO Bus: probed
[    2.436745] tun: Universal TUN/TAP device driver, 1.6
[    2.438062] PPP generic driver version 2.4.2
[    2.516298] ehci_hcd: USB 2.0 'Enhanced' Host Controller (EHCI) Driver
[    2.550065] ehci-pci: EHCI PCI platform driver
[    2.599651] ehci-platform: EHCI generic platform driver
[    2.735396] ohci_hcd: USB 1.1 'Open' Host Controller (OHCI) Driver
[    2.800246] ohci-pci: OHCI PCI platform driver
[    2.801430] ohci-platform: OHCI generic platform driver
[    2.802755] uhci_hcd: USB Universal Host Controller Interface driver
[    2.820932] i8042: PNP: PS/2 Controller [PNP0303:PS2K,PNP0f03:PS2M] at 0x60,0x64 irq 1,12
[    2.823502] serio: i8042 KBD port at 0x60,0x64 irq 1
[    2.832129] serio: i8042 AUX port at 0x60,0x64 irq 12
[    2.840821] mousedev: PS/2 mouse device common for all mice
[    2.845285] input: AT Translated Set 2 keyboard as /devices/platform/i8042/serio0/input/input2
[    2.852691] rtc_cmos rtc_cmos: rtc core: registered rtc_cmos as rtc0
[    2.852914] rtc_cmos rtc_cmos: alarms up to one day, 114 bytes nvram
[    2.852924] i2c /dev entries driver
[    2.852964] pcie_mp2_amd: AMD(R) PCI-E MP2 Communication Driver Version: 1.0
[    2.853074] device-mapper: uevent: version 1.0.3
[    2.853129] device-mapper: ioctl: 4.37.0-ioctl (2017-09-20) initialised: dm-devel@redhat.com
[    2.875262] ledtrig-cpu: registered to indicate activity on CPUs
[    2.879643] NET: Registered protocol family 10
[    2.889514] Segment Routing with IPv6
[    2.892567] NET: Registered protocol family 17
[    2.895172] Key type dns_resolver registered
[    2.902838] RAS: Correctable Errors collector initialized.
[    2.904809] sched_clock: Marking stable (2904757371, 0)->(7022265655, -4117508284)
[    2.919183] registered taskstats version 1
[    2.926374] Loading compiled-in X.509 certificates
[    2.960400] Loaded X.509 cert 'Build time autogenerated kernel key: e3b8f44ffaaceef3e3a84cfaebd8e5a9acebeaad'
[    3.010590] zswap: loaded using pool lzo/zbud
[    3.026811] Key type big_key registered
[    3.039036] Key type trusted registered
[    3.066088] Key type encrypted registered
[    3.101941] tsc: Refined TSC clocksource calibration: 2304.187 MHz
[    3.104410] AppArmor: AppArmor sha1 policy hashing enabled
[    3.104419] ima: No TPM chip found, activating TPM-bypass! (rc=-19)
[    3.104426] ima: Allocated hash algorithm: sha1
[    3.104441] evm: HMAC attrs: 0x1
[    3.104830]   Magic number: 7:888:727
[    3.104841] block loop7: hash matches
[    3.113407] rtc_cmos rtc_cmos: setting system clock to 2019-02-17 09:42:32 UTC (1550396552)
[    3.113499] BIOS EDD facility v0.16 2004-Jun-25, 0 devices found
[    3.113500] EDD information not available.
[    3.234289] clocksource: tsc: mask: 0xffffffffffffffff max_cycles: 0x2136a8726fc, max_idle_ns: 440795271985 ns
[    3.441989] Freeing unused kernel memory: 2408K
[    3.548911] Write protecting the kernel read-only data: 20480k
[    3.610805] Freeing unused kernel memory: 2008K
[    3.614716] Freeing unused kernel memory: 1892K
[    3.643471] x86/mm: Checked W+X mappings: passed, no W+X pages found.
[    3.788826] x86/mm: Checking user space page tables
[    3.843781] x86/mm: Checked W+X mappings: passed, no W+X pages found.
Loading, please wait...
starting version 237
[    4.019833] Fusion MPT base driver 3.04.20
[    4.021500] Copyright (c) 1999-2008 LSI Corporation
[    4.023593] e1000: Intel(R) PRO/1000 Network Driver - version 7.3.21-k8-NAPI
[    4.040270] e1000: Copyright (c) 1999-2006 Intel Corporation.
[    4.068543] Fusion MPT SPI Host driver 3.04.20
[    4.077981] AVX2 version of gcm_enc/dec engaged.
[    4.079436] AES CTR mode by8 optimization enabled
[    4.274232] input: ImExPS/2 Generic Explorer Mouse as /devices/platform/i8042/serio1/input/input4
[    4.510022] e1000 0000:00:03.0 eth0: (PCI:33MHz:32-bit) 02:40:60:a0:34:b1
[    4.517893] e1000 0000:00:03.0 eth0: Intel(R) PRO/1000 Network Connection
[    5.280602] e1000 0000:00:08.0 eth1: (PCI:33MHz:32-bit) 08:00:27:fd:c9:53
[    5.409605] e1000 0000:00:08.0 eth1: Intel(R) PRO/1000 Network Connection
[    5.412784] mptbase: ioc0: Initiating bringup
[    5.580353] e1000 0000:00:03.0 enp0s3: renamed from eth0
[    5.685306] e1000 0000:00:08.0 enp0s8: renamed from eth1
[    5.828434] ioc0: LSI53C1030 A0: Capabilities={Initiator}
[    8.303607] scsi host2: ioc0: LSI53C1030 A0, FwRev=00000000h, Ports=1, MaxQ=256, IRQ=20
[   10.770238] scsi 2:0:0:0: Direct-Access     VBOX     HARDDISK         1.0  PQ: 0 ANSI: 5
[   10.928148] scsi target2:0:0: Beginning Domain Validation
[   11.058022] scsi target2:0:0: Domain Validation skipping write tests
[   11.059586] scsi target2:0:0: Ending Domain Validation
[   11.060969] scsi target2:0:0: asynchronous
[   11.062665] scsi 2:0:1:0: Direct-Access     VBOX     HARDDISK         1.0  PQ: 0 ANSI: 5
[   11.108286] scsi target2:0:1: Beginning Domain Validation
[   11.293881] random: fast init done
[   11.687494] scsi target2:0:1: Domain Validation skipping write tests
[   11.691573] scsi target2:0:1: Ending Domain Validation
[   11.694294] scsi target2:0:1: asynchronous
[   11.706842] random: systemd-udevd: uninitialized urandom read (16 bytes read)
[   11.710293] random: systemd-udevd: uninitialized urandom read (16 bytes read)
[   11.715009] random: systemd-udevd: uninitialized urandom read (16 bytes read)
[   11.719691] sd 2:0:0:0: Attached scsi generic sg0 type 0
[   11.722677] sd 2:0:0:0: [sda] 20971520 512-byte logical blocks: (10.7 GB/10.0 GiB)
[   11.727601] sd 2:0:1:0: Attached scsi generic sg1 type 0
[   11.731615] sd 2:0:0:0: [sda] Write Protect is off
[   11.735040] sd 2:0:1:0: [sdb] 20480 512-byte logical blocks: (10.5 MB/10.0 MiB)
[   11.739379] sd 2:0:0:0: [sda] Incomplete mode parameter data
[   11.743275] sd 2:0:0:0: [sda] Assuming drive cache: write through
[   11.756726] sd 2:0:1:0: [sdb] Write Protect is off
[   11.761629] sd 2:0:1:0: [sdb] Incomplete mode parameter data
[   11.762864]  sda: sda1
[   11.837343] sd 2:0:0:0: [sda] Attached SCSI disk
[   11.855138] sd 2:0:1:0: [sdb] Assuming drive cache: write through
[   11.975064] sd 2:0:1:0: [sdb] Attached SCSI disk
Begin: Loading essential drivers ... [   13.452347] raid6: sse2x1   gen() 12378 MB/s
[   13.512274] raid6: sse2x1   xor()  8880 MB/s
[   13.560183] raid6: sse2x2   gen() 15143 MB/s
[   13.644240] raid6: sse2x2   xor() 10210 MB/s
[   13.708219] raid6: sse2x4   gen() 17657 MB/s
[   13.768311] raid6: sse2x4   xor() 11049 MB/s
[   13.848267] raid6: avx2x1   gen() 24550 MB/s
[   13.908150] raid6: avx2x1   xor() 10813 MB/s
[   13.956535] raid6: avx2x2   gen() 17392 MB/s
[   14.004223] raid6: avx2x2   xor() 18536 MB/s
[   14.056300] raid6: avx2x4   gen() 34187 MB/s
[   14.104188] raid6: avx2x4   xor() 21198 MB/s
[   14.121677] raid6: using algorithm avx2x4 gen() 34187 MB/s
[   14.123429] raid6: .... xor() 21198 MB/s, rmw enabled
[   14.165530] raid6: using avx2x2 recovery algorithm
[   14.168376] xor: automatically using best checksumming function   avx       
[   14.300981] async_tx: api initialized (async)
done.
Begin: Running /scripts/init-pre[   14.396081] Btrfs loaded, crc32c=crc32c-intel
mount ... done.
Begin: Mounting root file system ... Begin: Running /scripts/local-top ... done.
Begin: Running /scripts/local-premount ... Scanning for Btrfs filesystems
done.
Warning: fsck no[   14.495016] EXT4-fs (sda1): INFO: recovery required on readonly filesystem
t present, so sk[   14.562867] EXT4-fs (sda1): write access will be enabled during recovery
ipping root file system
[   14.754904] EXT4-fs (sda1): recovery complete
[   14.788217] EXT4-fs (sda1): mounted filesystem with ordered data mode. Opts: (null)
done.
Begin: Running /scripts/local-bottom ... done.
Begin: Running /scripts/init-bottom ... done.
[   14.979915] ip_tables: (C) 2000-2006 Netfilter Core Team
[   14.990310] systemd[1]: systemd 237 running in system mode. (+PAM +AUDIT +SELINUX +IMA +APPARMOR +SMACK +SYSVINIT +UTMP +LIBCRYPTSETUP +GCRYPT +GNUTLS +ACL +XZ +LZ4 +SECCOMP +BLKID +ELFUTILS +KMOD -IDN2 +IDN -PCRE2 default-hierarchy=hybrid)
[   15.017979] systemd[1]: Detected virtualization oracle.
[   15.021046] systemd[1]: Detected architecture x86-64.

Welcome to [1mUbuntu 18.04.1 LTS[0m!

[   15.040512] systemd[1]: Set hostname to <ubuntu-bionic>.
[   15.346604] systemd[1]: Created slice User and Session Slice.
[[0;32m  OK  [0m] Created slice User and Session Slice.
[   15.471866] systemd[1]: Set up automount Arbitrary Executable File Formats File System Automount Point.
[[0;32m  OK  [0m] Set up automount Arbitrary Executab…rmats File System Automount Point.
[   15.625090] systemd[1]: Reached target System Time Synchronized.
[[0;32m  OK  [0m] Reached target System Time Synchronized.
[   15.634192] systemd[1]: Created slice System Slice.
[[0;32m  OK  [0m] Created slice System Slice.
[   15.701856] systemd[1]: Listening on Journal Audit Socket.
[[0;32m  OK  [0m] Listening on Journal Audit Socket.
[   15.733525] systemd[1]: Reached target Slices.
[[0;32m  OK  [0m] Reached target Slices.
[[0;32m  OK  [0m] Listening on Syslog Socket.
[[0;32m  OK  [0m] Listening on Network Service Netlink Socket.
[[0;32m  OK  [0m] Listening on Journal Socket (/dev/log).
[[0;32m  OK  [0m] Listening on Device-mapper event daemon FIFOs.
[[0;32m  OK  [0m] Listening on udev Control Socket.
[[0;32m  OK  [0m] Created slice system-serial\x2dgetty.slice.
[[0;32m  OK  [0m] Listening on LVM2 metadata daemon socket.
[[0;32m  OK  [0m] Listening on udev Kernel Socket.
[[0;32m  OK  [0m] Listening on Journal Socket.
         Starting Remount Root and Kernel File Systems...
         Mounting Huge Pages File System...
         Starting udev Coldplug all Devices...
         Starting Uncomplicated firewall...
         Mounting Kernel Debug File System...
         Starting Load Kernel Modules...
         Starting Monitoring of LVM2 mirrors…ng dmeventd or progress polling...
         [   16.086933] Loading iSCSI transport class v2.0-870.
Mounting POSIX Message Queue File System...
         Starting Set the console keyboard layout...
[[0;32m  OK  [0m] Started Forward Password Requests to Wall Directory Watch.
[[0;32m  OK  [0[   16.163285] EXT4-fs (sda1): re-mounted. Opts: (null)
m] Listening on LVM2 poll daemon socket.
[   16.178182] iscsi: registered transport (tcp)
[[0;32m  OK  [0m] Reached target Swap.
[[0;32m  OK  [0m] Reached targe[   16.268587] iscsi: registered transport (iser)
t User and Group Name Lookups.
[[0;32m  OK  [0m] Listening on /dev/initctl Compatibility Named Pipe.
         Starting Journal Service...
         Starting Create list of required st…ce nodes for the current kernel...
[[0;32m  OK  [0m] Started Journal Service.
[[0;32m  OK  [0m] Started Remount Root and Kernel File Systems.
[[0;32m  OK  [0m] Mounted Huge Pages File System.
[[0;32m  OK  [0m] Started Uncomplicated firewall.
[[0;32m  OK  [0m] Mounted Kernel Debug File System.
[[0;32m  OK  [0m] Started Load Kernel Modules.
[[0;32m  OK  [0m] Mounted POSIX Message Queue File System.
[[0;32m  OK  [0m] Started Set the console keyboard layout.
[[0;32m  OK  [0m] Started Create list of required sta…vice nodes for the current kernel.
[[0;32m  OK  [0m] Started udev Coldplug all Devices.
[[0;32m  OK  [0m] Started LVM2 metadata daemon[   16.617295] random: crng init done
.
[   16.625944] random: 7 urandom warning(s) missed due to ratelimiting
         Starting Create Static Device Nodes in /dev...
         Mounting Kernel Configuration File System...
         Starting Apply Kernel Variables...
         Mounting FUSE Control File System...
         Starting Initial cloud-init job (pre-networking)...
         Starting Load/Save Random Seed...
         Starting Flush Journal to Persistent Storage...
[[0;32m  OK  [0m] Started Monitoring of LVM2 mirrors,…sing dmeventd or progress polling.
[[0;32m  OK  [0m] Started Create Static Device Nodes in /dev.
[[0;32m  OK  [0m] Mounted Kernel Configuration File System.
[[0;32m  OK  [0m] Started Apply Kernel Variables.
[[0;32m  OK  [0m] Mounted FUSE Control File System.
[[0;32m  OK  [0m] Started Load/Save Random Seed.
         Starting udev Kernel Device Manager...
[[0;32m  OK  [0m] Reached target Local File Systems (Pre).
[[0;32m  OK  [0m] Reached target Local File Systems.
         Starting AppArmor initialization...
         Starting Tell Plymouth To Write Out Runtime Data...
         Starting ebtables ruleset management...
         Starting Set console font and keymap...
[[0;32m  OK  [0m] Started udev Kernel Device Manager.
[[0;32m  OK  [0m] Started Dispatch Password Requests to Console Directory Watch.
[[0;32m  OK  [0m] Reached target Local Encrypted Volumes.
[[0;32m  OK  [0m] Started Tell Plymouth To Write Out Runtime Data.
[[0;32m  OK  [0m] Started Set console font and keymap.
[[0;32m  OK  [0m] Found device /dev/ttyS0.
[[0;32m  OK  [0m] Started ebtables ruleset management.
[[0;32m  OK  [0m] Listening on Load/Save RF Kill Switch Status /dev/rfkill Watch.
[[0;32m  OK  [0m] Started Flush Journal to Persistent Storage.
         Starting Create Volatile Files and Directories...
[[0;32m  OK  [0m] Started Create Volatile Files and Directories.
         Starting Update UTMP about System Boot/Shutdown...
[[0;32m  OK  [0m] Started Update UTMP about System Boot/Shutdown.
[[0;32m  OK  [0m] Started AppArmor initialization.
[   18.415246] cloud-init[427]: Cloud-init v. 18.4-0ubuntu1~18.04.1 running 'init-local' at Sun, 17 Feb 2019 09:42:47 +0000. Up 18.19 seconds.
[[0;32m  OK  [0m] Started Initial cloud-init job (pre-networking).
[[0;32m  OK  [0m] Reached target Network (Pre).
         Starting Network Service...
[[0;32m  OK  [0m] Started Network Service.
         Starting Wait for Network to be Configured...
         Starting Network Name Resolution...
[[0;32m  OK  [0m] Started Network Name Resolution.
[[0;32m  OK  [0m] Reached target Network.
[[0;32m  OK  [0m] Reached target Host and Network Name Lookups.
[[0;32m  OK  [0m] Started Wait for Network to be Configured.
         Starting Initial cloud-init job (metadata service crawler)...
[   20.936525] cloud-init[675]: Cloud-init v. 18.4-0ubuntu1~18.04.1 running 'init' at Sun, 17 Feb 2019 09:42:50 +0000. Up 20.82 seconds.
[   20.949338] cloud-init[675]: ci-info: ++++++++++++++++++++++++++++++++++++++Net device info+++++++++++++++++++++++++++++++++++++++
[   20.965905] cloud-init[675]: ci-info: +--------+------+-----------------------------+---------------+--------+-------------------+
[   21.016431] cloud-init[675]: ci-info: | Device |  Up  |           Address           |      Mask     | Scope  |     Hw-Address    |
[   21.060795] cloud-init[675]: ci-info: +--------+------+-----------------------------+---------------+--------+-------------------+
[   21.088435] cloud-init[675]: ci-info: | enp0s3 | True |          10.0.2.15          | 255.255.255.0 | global | 02:40:60:a0:34:b1 |
[   21.091533] cloud-init[675]: ci-info: | enp0s3 | True |  fe80::40:60ff:fea0:34b1/64 |       .       |  link  | 02:40:60:a0:34:b1 |
[   21.094363] cloud-init[675]: ci-info: | enp0s8 | True |        192.168.33.10        | 255.255.255.0 | global | 08:00:27:fd:c9:53 |
[   21.096961] cloud-init[675]: ci-info: | enp0s8 | True | fe80::a00:27ff:fefd:c953/64 |       .       |  link  | 08:00:27:fd:c9:53 |
[   21.100490] cloud-init[675]: ci-info: |   lo   | True |          127.0.0.1          |   255.0.0.0   |  host  |         .         |
[   21.110767] cloud-init[675]: ci-info: |   lo   | True |           ::1/128           |       .       |  host  |         .         |
[   21.113401] cloud-init[675]: ci-info: +--------+------+-----------------------------+---------------+--------+-------------------+
[   21.117359] cloud-init[675]: ci-info: +++++++++++++++++++++++++++++Route IPv4 info+++++++++++++++++++++++++++++
[   21.119644] cloud-init[675]: ci-info: +-------+--------------+----------+-----------------+-----------+-------+
[   21.121916] cloud-init[675]: ci-info: | Route | Destination  | Gateway  |     Genmask     | Interface | Flags |
[   21.125463] cloud-init[675]: ci-info: +-------+--------------+----------+-----------------+-----------+-------+
[   21.128588] cloud-init[675]: ci-info: |   0   |   0.0.0.0    | 10.0.2.2 |     0.0.0.0     |   enp0s3  |   UG  |
[   21.131713] cloud-init[675]: ci-info: |   1   |   10.0.2.0   | 0.0.0.0  |  255.255.255.0  |   enp0s3  |   U   |
[   21.134816] cloud-init[675]: ci-info: |   2   |   10.0.2.2   | 0.0.0.0  | 255.255.255.255 |   enp0s3  |   UH  |
[   21.137797] cloud-init[675]: ci-info: |   3   | 192.168.33.0 | 0.0.0.0  |  255.255.255.0  |   enp0s8  |   U   |
[   21.140798] cloud-init[675]: ci-info: +-------+--------------+----------+-----------------+-----------+-------+
[   21.143710] cloud-init[675]: ci-info: +++++++++++++++++++Route IPv6 info+++++++++++++++++++
[   21.151002] cloud-init[675]: ci-info: +-------+-------------+---------+-----------+-------+
[   21.153494] cloud-init[675]: ci-info: | Route | Destination | Gateway | Interface | Flags |
[   21.156100] cloud-init[675]: ci-info: +-------+-------------+---------+-----------+-------+
[   21.158542] cloud-init[675]: ci-info: |   1   |  fe80::/64  |    ::   |   enp0s8  |   U   |
[   21.161025] cloud-init[675]: ci-info: |   2   |  fe80::/64  |    ::   |   enp0s3  |   U   |
[   21.163559] cloud-init[675]: ci-info: |   4   |    local    |    ::   |   enp0s3  |   U   |
[   21.166036] cloud-init[675]: ci-info: |   5   |    local    |    ::   |   enp0s8  |   U   |
[[0;32m  OK  [0m] Started Initial cloud-init job (metadata service crawler).
[   21.205731] [[0;32m  OK  [0m] Reached target Network is Online.
cloud-init[675]: ci-info: |   6   |   ff00::/8  |    ::   |   enp0s8  |   U   |
         [   21.288575] cloud-init[675]: ci-info: |   7   |   ff00::/8  |    ::   |   enp0s3  |   U   |
Starting Availability of block devices...
[[   21.289419] [0;32m  OK  [0m] Reached target Remote File Systems (Pre).
cloud-init[[0;32m  OK  [0m] Reached target Remote File Systems.
[675]: [[0;32m  OK  [0m] Reached target System Initialization.
ci-info: +-------+-------------+---------+-----------+-------+
[[0;32m  OK  [0m] Started Message of the Day.
[[0;32m  OK  [0m] Listening on Open-iSCSI iscsid Socket.
[[0;32m  OK  [0m] Started Daily Cleanup of Temporary Directories.
[[0;32m  OK  [0m] Listening on UUID daemon activation socket.
[[0;32m  OK  [0m] Listening on D-Bus System Message Bus Socket.
[[0;32m  OK  [0m] Started Discard unused blocks once a week.
         Starting LXD - unix socket.
[[0;32m  OK  [0m] Started Daily apt download activities.
[[0;32m  OK  [0m] Started Daily apt upgrade and clean activities.
[[0;32m  OK  [0m] Reached target Timers.
[[0;32m  OK  [0m] Listening on ACPID Listen Socket.
         Starting Socket activation for snappy daemon.
[[0;32m  OK  [0m] Started ACPI Events Check.
[[0;32m  OK  [0m] Reached target Paths.
[[0;32m  OK  [0m] Reached target Cloud-config availability.
[[0;32m  OK  [0m] Started Availability of block devices.
[[0;32m  OK  [0m] Listening on LXD - unix socket.
[[0;32m  OK  [0m] Listening on Socket activation for snappy daemon.
[[0;32m  OK  [0m] Reached target Sockets.
[[0;32m  OK  [0m] Reached target Basic System.
[[0;32m  OK  [0m] Started Deferred execution scheduler.
[[0;32m  OK  [0m] Started FUSE filesystem for LXC.
         Starting System Logging Service...
         Starting Dispatcher daemon for systemd-networkd...
         Starting OpenBSD Secure Shell server...
         Starting Accounts Service...
         Starting LSB: automatic crash report generation...
[[0;32m  OK  [0m] Started Regular background program processing daemon.
[[0;32m  OK  [0m] Started D-Bus System Message Bus.
[[0;32m  OK  [0m] Started irqbalance daemon.
         Starting Permit User Sessions...
         Starting Snappy daemon...
         Starting LSB: Record successful boot for GRUB...
         Starting Login Service...
         Starting Virtualbox guest utils...
         Starting LXD - container startup/shutdown...
[[0;32m  OK  [0m] Started System Logging Service.
[[0;32m  OK  [0m] Started Permit User Sessions.
[[0;32m  OK  [0m] Started OpenBSD Secure Shell server.
[[0;32m  OK  [0m] Started Dispatcher daemon for systemd-networkd.
[[0;32m  OK  [0m] Started Login Service.
[[0;32m  OK  [0m] Started Unattended Upgrades Shutdown.
         Starting Authorization Manager...
         Starting Terminate Plymouth Boot Screen...
         Starting Hold until boot process finishes up...
[[0;32m  OK  [0m] Started Hold until boot process finishes up.
[[0;32m  OK  [0m] Started Terminate Plymouth Boot Screen.
[[0;32m  OK  [0m] Started Serial Getty on ttyS0.
         Starting Set console scheme...
[[0;32m  OK  [0m] Started LXD - container startup/shutdown.
[[0;32m  OK  [0m] Started Set console scheme.
[[0;32m  OK  [0m] Created slice system-getty.slice.
[[0;32m  OK  [0m] Started Getty on tty1.
[[0;32m  OK  [0m] Reached target Login Prompts.
[[0;32m  OK  [0m] Started LSB: Record successful boot for GRUB.
[[0;32m  OK  [0m] Started LSB: automatic crash report generation.
[[0;32m  OK  [0m] Started Snappy daemon.
[[0;32m  OK  [0m] Started Authorization Manager.
[[0;32m  OK  [0m] Started Accounts Service.
         Starting Wait until snapd is fully seeded...
[[0;32m  OK  [0m] Started Virtualbox guest utils.
[[0;32m  OK  [0m] Started Wait until snapd is fully seeded.
[[0;32m  OK  [0m] Reached target Multi-User System.
[[0;32m  OK  [0m] Reached target Graphical Interface.
         Starting Update UTMP about System Runlevel Changes...
         Starting Apply the settings specified in cloud-config...
[[0;32m  OK  [0m] Started Update UTMP about System Runlevel Changes.
[[0;32m  OK  [0m] Created slice User Slice of vagrant.
         Starting User Manager for UID 1000...
[[0;32m  OK  [0m] Started Session 1 of user vagrant.
[[0;32m  OK  [0m] Started User Manager for UID 1000.
[   23.334557] cloud-init[1098]: Cloud-init v. 18.4-0ubuntu1~18.04.1 running 'modules:config' at Sun, 17 Feb 2019 09:42:52 +0000. Up 23.21 seconds.
[[0;32m  OK  [0m] Started Apply the settings specified in cloud-config.
         Starting Execute cloud user/final scripts...
[   23.882304] cloud-init[1177]: Cloud-init v. 18.4-0ubuntu1~18.04.1 running 'modules:final' at Sun, 17 Feb 2019 09:42:53 +0000. Up 23.79 seconds.
[   23.891983] cloud-init[1177]: Cloud-init v. 18.4-0ubuntu1~18.04.1 finished at Sun, 17 Feb 2019 09:42:53 +0000. Datasource DataSourceNoCloud [seed=/dev/sdb][dsmode=net].  Up 23.87 seconds
[[0;32m  OK  [0m] Started Execute cloud user/final scripts.
         Starting Daily apt download activities...
[[0;32m  OK  [0m] Reached target Cloud-init target.
[[0;32m  OK  [0m] Stopped Wait for Network to be Configured.
         Stopping Network Service...
         Starting Network Service...
[[0;32m  OK  [0m] Started Network Service.
         Stopping User Manager for UID 1000...
[[0;32m  OK  [0m] Stopped User Manager for UID 1000.
[[0;32m  OK  [0m] Removed slice User Slice of vagrant.

Ubuntu 18.04.1 LTS ubuntu-bionic ttyS0

ubuntu-bionic login: 